GET / 200 444 - 5.144 ms
GET /static/js/manifest.0c2f0acbba026d61e649.js 200 1453 - 4.690 ms
GET /static/js/app.34109ab9f24f47a7a5ca.js 200 9693 - 5.352 ms
GET /static/css/app.85ca656f02cdc0e5d1e7695a8c51c1e8.css 200 144774 - 4.412 ms
GET /static/js/vendor.324a168df3b9cc26050a.js 200 635280 - 5.139 ms
GET /static/img/background.7eda4b9.jpg 200 32783 - 0.508 ms
POST /api/user/login 200 32 - 29.833 ms
::1 - GET / HTTP/1.1 200 444 - 5.018 ms
::1 - GET /static/js/manifest.0c2f0acbba026d61e649.js HTTP/1.1 200 1453 - 4.204 ms
::1 - GET /static/js/app.34109ab9f24f47a7a5ca.js HTTP/1.1 200 9693 - 5.813 ms
::1 - GET /static/css/app.85ca656f02cdc0e5d1e7695a8c51c1e8.css HTTP/1.1 200 144774 - 2.699 ms
::1 - GET /static/js/vendor.324a168df3b9cc26050a.js HTTP/1.1 200 635280 - 5.289 ms
::1 - GET /static/img/background.7eda4b9.jpg HTTP/1.1 200 32783 - 0.659 ms
::1 - POST /api/user/login HTTP/1.1 200 32 - 29.422 ms
::1 - GET /fetchData HTTP/1.1 404 148 - 4.981 ms
::1 - GET /fetchData HTTP/1.1 404 148 - 3.879 ms
::1 - GET /fetchNews HTTP/1.1 200 130466 - 313.475 ms
::1 - GET /fetchNews HTTP/1.1 200 130808 - 298.437 ms
::1 - GET / HTTP/1.1 200 444 - 6.581 ms
::1 - GET /static/js/app.34109ab9f24f47a7a5ca.js HTTP/1.1 200 9693 - 17.334 ms
::1 - GET /static/css/app.85ca656f02cdc0e5d1e7695a8c51c1e8.css HTTP/1.1 200 144774 - 33.447 ms
::1 - GET /static/js/vendor.324a168df3b9cc26050a.js HTTP/1.1 200 635280 - 23.588 ms
::1 - GET /static/js/manifest.0c2f0acbba026d61e649.js HTTP/1.1 200 1453 - 59.875 ms
::1 - GET /static/img/background.7eda4b9.jpg HTTP/1.1 200 32783 - 30.628 ms
::1 - GET /static/css/app.85ca656f02cdc0e5d1e7695a8c51c1e8.css HTTP/1.1 304 - - 2.704 ms
::1 - GET / HTTP/1.1 200 444 - 13.658 ms
::1 - GET /static/js/manifest.0c2f0acbba026d61e649.js HTTP/1.1 200 1453 - 20.550 ms
::1 - GET /static/js/app.34109ab9f24f47a7a5ca.js HTTP/1.1 200 9693 - 22.491 ms
::1 - GET /static/css/app.85ca656f02cdc0e5d1e7695a8c51c1e8.css HTTP/1.1 200 144774 - 11.954 ms
::1 - GET /static/js/vendor.324a168df3b9cc26050a.js HTTP/1.1 200 635280 - 22.043 ms
::1 - GET /static/img/background.7eda4b9.jpg HTTP/1.1 200 32783 - 0.917 ms
::1 - GET / HTTP/1.1 304 - - 2.620 ms
::1 - GET /static/css/app.85ca656f02cdc0e5d1e7695a8c51c1e8.css HTTP/1.1 304 - - 1.490 ms
::1 - GET /static/js/manifest.0c2f0acbba026d61e649.js HTTP/1.1 304 - - 1.307 ms
::1 - GET /static/js/vendor.324a168df3b9cc26050a.js HTTP/1.1 304 - - 0.973 ms
::1 - GET /static/js/app.34109ab9f24f47a7a5ca.js HTTP/1.1 304 - - 1.473 ms
::1 - GET /static/img/background.7eda4b9.jpg HTTP/1.1 304 - - 0.578 ms
::1 - GET / HTTP/1.1 304 - - 0.951 ms
::1 - GET /static/css/app.85ca656f02cdc0e5d1e7695a8c51c1e8.css HTTP/1.1 304 - - 35.049 ms
::1 - GET /static/js/manifest.0c2f0acbba026d61e649.js HTTP/1.1 304 - - 8.450 ms
::1 - GET /static/js/vendor.324a168df3b9cc26050a.js HTTP/1.1 304 - - 8.311 ms
::1 - GET /static/js/app.34109ab9f24f47a7a5ca.js HTTP/1.1 304 - - 1.523 ms
::1 - GET /static/img/background.7eda4b9.jpg HTTP/1.1 304 - - 0.625 ms
::1 - POST /api/user/reg HTTP/1.1 200 345 - 53.385 ms
::1 - GET / HTTP/1.1 200 444 - 11.642 ms
::1 - GET /static/css/app.85ca656f02cdc0e5d1e7695a8c51c1e8.css HTTP/1.1 200 144774 - 9.186 ms
::1 - GET /static/js/manifest.0c2f0acbba026d61e649.js HTTP/1.1 200 1453 - 4.666 ms
::1 - GET /static/js/app.34109ab9f24f47a7a5ca.js HTTP/1.1 200 9693 - 4.898 ms
::1 - GET /static/js/vendor.324a168df3b9cc26050a.js HTTP/1.1 200 635280 - 5.957 ms
::1 - GET /static/img/background.7eda4b9.jpg HTTP/1.1 200 32783 - 1.562 ms
::1 - POST /api/user/reg HTTP/1.1 200 228 - 691.371 ms
::1 - GET /fetchNews HTTP/1.1 200 130792 - 296.580 ms
::1 - GET /fetchNews HTTP/1.1 200 9 - 246.301 ms
::1 - GET /fetchNews HTTP/1.1 200 9 - 171.033 ms
::1 - GET /fetchNews HTTP/1.1 304 - - 161.008 ms
::1 - GET /fetchNews HTTP/1.1 200 55256 - 542.657 ms
::1 - GET /fetchNews HTTP/1.1 200 55256 - 470.437 ms
